<?xml version="1.0" encoding="UTF-8"?>
<!-- Generated by org.testng.reporters.JUnitReportReporter -->
<testsuite hostname="USER-15" failures="0" tests="18" name="testcases.RestAssured_TestCases_PL1" time="57.576" errors="0" timestamp="2024-11-22T19:54:22 IST" skipped="0">
  <testcase classname="testcases.RestAssured_TestCases_PL1" name="getAllStocks" time="34.707"/>
  <testcase classname="testcases.RestAssured_TestCases_PL1" name="getMainStore" time="1.043"/>
  <testcase classname="testcases.RestAssured_TestCases_PL1" name="getRequisitionByDateRange" time="1.763"/>
  <testcase classname="testcases.RestAssured_TestCases_PL1" name="getPatientConsumptions" time="3.290"/>
  <testcase classname="testcases.RestAssured_TestCases_PL1" name="getPatientConsumptionInfoByPatientIdAndVisitId" time="1.246"/>
  <testcase classname="testcases.RestAssured_TestCases_PL1" name="getBillingSchemeBySchemeId" time="0.647"/>
  <testcase classname="testcases.RestAssured_TestCases_PL1" name="getBillingSummaryByPatientId" time="1.186"/>
  <testcase classname="testcases.RestAssured_TestCases_PL1" name="getConsumptionsListOfAPatientById" time="0.579"/>
  <testcase classname="testcases.RestAssured_TestCases_PL1" name="getReturnConsumptionsList" time="0.715"/>
  <testcase classname="testcases.RestAssured_TestCases_PL1" name="getDischargedPatients" time="2.175"/>
  <testcase classname="testcases.RestAssured_TestCases_PL1" name="getAdmittedPatients" time="2.210"/>
  <testcase classname="testcases.RestAssured_TestCases_PL1" name="searchIpdPatientByPatientId" time="0.548"/>
  <testcase classname="testcases.RestAssured_TestCases_PL1" name="getPatientProvisionalInfo" time="1.134"/>
  <testcase classname="testcases.RestAssured_TestCases_PL1" name="getProvisionalItemsListByPatientIdAndSchemeId" time="1.907"/>
  <testcase classname="testcases.RestAssured_TestCases_PL1" name="getInvoicesByDateRange" time="1.182"/>
  <testcase classname="testcases.RestAssured_TestCases_PL1" name="getProviderList" time="2.054"/>
  <testcase classname="testcases.RestAssured_TestCases_PL1" name="getUserslist" time="0.613"/>
  <testcase classname="testcases.RestAssured_TestCases_PL1" name="getCurrentFiscalYearDetails" time="0.577"/>
</testsuite> <!-- testcases.RestAssured_TestCases_PL1 -->
